<?xml version="1.0" encoding="UTF-8"?>
<!-- Generated by org.testng.reporters.JUnitReportReporter -->
<testsuite hostname="Manikantas-MacBook-Air.local" failures="0" tests="1" name="package1.Frames" time="5.879" errors="0" timestamp="2024-08-02T10:58:30 IST" skipped="0">
  <testcase classname="package1.Frames" name="framesPractice" time="5.879"/>
</testsuite> <!-- package1.Frames -->
